<?xml version="1.0" encoding="UTF-8"?>
<!-- Generated by org.testng.reporters.JUnitReportReporter -->
<testsuite hostname="LAPTOP-S1CU7QQO" failures="0" tests="2" name="com.company.RestAPITest" time="0.002" errors="0" timestamp="2020-04-04T23:33:39 IST" skipped="0">
  <testcase classname="com.company.RestAPITest" name="afterJira" time="0.001"/>
  <system-out/>
  <testcase classname="com.company.RestAPITest" name="Postjira" time="0.001"/>
  <system-out/>
</testsuite> <!-- com.company.RestAPITest -->
